  22F-3274_22F-3327_Main_Implementation.cpp
C:\Users\muzam\OneDrive\Desktop\22F-3274_22F-3327_Project\22F-3274_22F-3327_Project\22F-3274_22F-3327_Main_Implementation.cpp(1,1): warning C4005: '__CLR_VER': macro redefinition
  (compiling source file '/22F-3274_22F-3327_Main_Implementation.cpp')
  C:\Users\muzam\OneDrive\Desktop\22F-3274_22F-3327_Project\22F-3274_22F-3327_Project\22F-3274_22F-3327_Main_Implementation.cpp(1,1):
  '__CLR_VER' previously declared on the command line
  
C:\Users\muzam\OneDrive\Desktop\22F-3274_22F-3327_Project\22F-3274_22F-3327_Project\22F-3274_22F-3327_Main_Implementation.cpp(1,1): warning C4651: '/D__CLR_VER=40809232' specified for precompiled header but not for current compile
  (compiling source file '/22F-3274_22F-3327_Main_Implementation.cpp')
  
C:\Users\muzam\OneDrive\Desktop\22F-3274_22F-3327_Project\22F-3274_22F-3327_Project\22F-3274_22F-3327_Main_Implementation.cpp(109,26): warning C4244: '=': conversion from 'time_t' to 'int', possible loss of data
  (compiling source file '/22F-3274_22F-3327_Main_Implementation.cpp')
  
C:\Users\muzam\OneDrive\Desktop\22F-3274_22F-3327_Project\22F-3274_22F-3327_Project\22F-3274_22F-3327_Main_Implementation.cpp(113,26): warning C4244: '=': conversion from 'time_t' to 'int', possible loss of data
  (compiling source file '/22F-3274_22F-3327_Main_Implementation.cpp')
  
C:\Users\muzam\OneDrive\Desktop\22F-3274_22F-3327_Project\22F-3274_22F-3327_Project\22F-3274_22F-3327_Main_Implementation.cpp(142,8): warning C4244: 'initializing': conversion from 'float' to 'int', possible loss of data
  (compiling source file '/22F-3274_22F-3327_Main_Implementation.cpp')
  
C:\Users\muzam\OneDrive\Desktop\22F-3274_22F-3327_Project\22F-3274_22F-3327_Project\22F-3274_22F-3327_Main_Implementation.cpp(143,9): warning C4244: 'return': conversion from 'double' to 'float', possible loss of data
  (compiling source file '/22F-3274_22F-3327_Main_Implementation.cpp')
  
C:\Users\muzam\OneDrive\Desktop\22F-3274_22F-3327_Project\22F-3274_22F-3327_Project\22F-3274_22F-3327_Main_Implementation.cpp(197,8): warning C4244: 'initializing': conversion from 'float' to 'int', possible loss of data
  (compiling source file '/22F-3274_22F-3327_Main_Implementation.cpp')
  
C:\Users\muzam\OneDrive\Desktop\22F-3274_22F-3327_Project\22F-3274_22F-3327_Project\22F-3274_22F-3327_Main_Implementation.cpp(198,9): warning C4244: 'return': conversion from 'double' to 'float', possible loss of data
  (compiling source file '/22F-3274_22F-3327_Main_Implementation.cpp')
  
C:\Users\muzam\OneDrive\Desktop\22F-3274_22F-3327_Project\22F-3274_22F-3327_Project\22F-3274_22F-3327_Main_Implementation.cpp(218,12): warning C4101: 'z': unreferenced local variable
  (compiling source file '/22F-3274_22F-3327_Main_Implementation.cpp')
  
C:\Users\muzam\OneDrive\Desktop\22F-3274_22F-3327_Project\22F-3274_22F-3327_Project\22F-3274_22F-3327_Main_Implementation.cpp(217,12): warning C4101: 'k': unreferenced local variable
  (compiling source file '/22F-3274_22F-3327_Main_Implementation.cpp')
  
C:\Users\muzam\OneDrive\Desktop\22F-3274_22F-3327_Project\22F-3274_22F-3327_Project\22F-3274_22F-3327_Main_Implementation.cpp(394,12): warning C4244: 'argument': conversion from 'time_t' to 'unsigned int', possible loss of data
  (compiling source file '/22F-3274_22F-3327_Main_Implementation.cpp')
  
C:\Users\muzam\OneDrive\Desktop\22F-3274_22F-3327_Project\22F-3274_22F-3327_Project\22F-3274_22F-3327_Main_Implementation.cpp(399,62): warning C4244: 'argument': conversion from 'time_t' to 'int', possible loss of data
  (compiling source file '/22F-3274_22F-3327_Main_Implementation.cpp')
  
C:\Users\muzam\OneDrive\Desktop\22F-3274_22F-3327_Project\22F-3274_22F-3327_Project\22F-3274_22F-3327_Main_Implementation.cpp(641,6): warning C4244: '=': conversion from 'float' to 'int', possible loss of data
  (compiling source file '/22F-3274_22F-3327_Main_Implementation.cpp')
  
C:\Users\muzam\OneDrive\Desktop\22F-3274_22F-3327_Project\22F-3274_22F-3327_Project\22F-3274_22F-3327_Main_Implementation.cpp(643,6): warning C4244: '=': conversion from 'float' to 'int', possible loss of data
  (compiling source file '/22F-3274_22F-3327_Main_Implementation.cpp')
  
C:\Users\muzam\OneDrive\Desktop\22F-3274_22F-3327_Project\22F-3274_22F-3327_Project\22F-3274_22F-3327_Main_Implementation.cpp(647,8): warning C4244: '=': conversion from 'float' to 'int', possible loss of data
  (compiling source file '/22F-3274_22F-3327_Main_Implementation.cpp')
  
C:\Users\muzam\OneDrive\Desktop\22F-3274_22F-3327_Project\22F-3274_22F-3327_Project\22F-3274_22F-3327_Viktor.cpp(73,1): warning C4715: 'Viktor<float>::operator[]': not all control paths return a value
C:\Users\muzam\OneDrive\Desktop\22F-3274_22F-3327_Project\22F-3274_22F-3327_Project\22F-3274_22F-3327_Viktor.cpp(73,1): warning C4715: 'Viktor<Vehicle>::operator[]': not all control paths return a value
C:\Users\muzam\OneDrive\Desktop\22F-3274_22F-3327_Project\22F-3274_22F-3327_Project\22F-3274_22F-3327_Viktor.cpp(73,1): warning C4715: 'Viktor<Customer>::operator[]': not all control paths return a value
C:\Users\muzam\OneDrive\Desktop\22F-3274_22F-3327_Project\22F-3274_22F-3327_Project\22F-3274_22F-3327_Viktor.cpp(73,1): warning C4715: 'Viktor<Driver>::operator[]': not all control paths return a value
C:\Users\muzam\OneDrive\Desktop\22F-3274_22F-3327_Project\22F-3274_22F-3327_Project\22F-3274_22F-3327_Viktor.cpp(73,1): warning C4715: 'Viktor<Order>::operator[]': not all control paths return a value
C:\Users\muzam\OneDrive\Desktop\22F-3274_22F-3327_Project\22F-3274_22F-3327_Project\22F-3274_22F-3327_Main_Implementation.cpp(509,1): warning C4715: 'TMS::FindID': not all control paths return a value
  AssemblyInfo.obj : MSIL module encountered; incremental linking is disabled for MSIL; performing full link
  Fianl Project (Homemade Vectors Edition).vcxproj -> C:\Users\muzam\OneDrive\Desktop\22F-3274_22F-3327_Project\22F-3274_22F-3327_Project\x64\Debug\22F-3274_22F-3327_Project.exe
